-------------------------------------------------------------------------------
Test set: testWithSeleniumAsynchFirst.TestHello
-------------------------------------------------------------------------------
Tests run: 2, Failures: 0, Errors: 1, Skipped: 0, Time elapsed: 12.591 s <<< FAILURE! - in testWithSeleniumAsynchFirst.TestHello
testWithSeleniumAsynchFirst.TestHello.justCheck  Time elapsed: 1.925 s  <<< ERROR!
java.lang.NullPointerException
	at testWithSeleniumAsynchFirst.TestHello.justCheck(TestHello.java:104)

